<?xml version="1.0" encoding="UTF-8"?>
<!-- Generated by org.testng.reporters.JUnitReportReporter -->
<testsuite hostname="macbookair" failures="0" tests="1" name="tests.SearchTests" time="5.375" errors="0" timestamp="2025-10-23T12:19:37 EEST" skipped="0">
  <testcase classname="tests.SearchTests" name="searchPhone" time="5.375"/>
</testsuite> <!-- tests.SearchTests -->
