<?xml version="1.0" encoding="UTF-8"?>
<!-- Generated by org.testng.reporters.JUnitReportReporter -->
<testsuite hostname="macbookair" failures="0" tests="2" name="tests.CategoryTests" time="13.605" errors="0" timestamp="2025-10-26T19:05:01 EEST" skipped="0">
  <testcase classname="tests.CategoryTests" name="sortByNameAtoZ_CellPhones" time="6.353"/>
  <testcase classname="tests.CategoryTests" name="sortByPriceLowToHigh_Notebooks" time="7.252"/>
</testsuite> <!-- tests.CategoryTests -->
