<?xml version="1.0" encoding="UTF-8"?>
<!-- Generated by org.testng.reporters.JUnitReportReporter -->
<testsuite hostname="Fatimas-MacBook-Air.local" failures="0" tests="1" name="tests.CatalogTests" time="5.460" errors="0" timestamp="2025-10-22T11:24:21 EEST" skipped="0">
  <testcase classname="tests.CatalogTests" name="sortByNameAZ" time="5.460"/>
</testsuite> <!-- tests.CatalogTests -->
