<?xml version="1.0" encoding="UTF-8"?>
<!-- Generated by org.testng.reporters.JUnitReportReporter -->
<testsuite hostname="macbookair" failures="0" tests="1" name="tests.CompareTests" time="12.310" errors="0" timestamp="2025-10-26T19:04:38 EEST" skipped="0">
  <testcase classname="tests.CompareTests" name="add_two_cellphones_then_open_compare" time="12.310"/>
</testsuite> <!-- tests.CompareTests -->
