<?xml version="1.0" encoding="UTF-8"?>
<!-- Generated by org.testng.reporters.JUnitReportReporter -->
<testsuite hostname="macbookair" failures="0" tests="6" name="tests.HomeTests" time="36.182" errors="0" timestamp="2025-10-26T11:47:44 EEST" skipped="0">
  <testcase classname="tests.HomeTests" name="verifyHomeLogoDisplayedAndClickable" time="6.348"/>
  <testcase classname="tests.HomeTests" name="verifyLeftThreeDropdowns" time="6.142"/>
  <testcase classname="tests.HomeTests" name="verifySearchBoxFunctionality" time="6.309"/>
  <testcase classname="tests.HomeTests" name="verifyHomeTitle" time="3.777"/>
  <testcase classname="tests.HomeTests" name="verifyDirectMenuLinksOpen" time="8.990"/>
  <testcase classname="tests.HomeTests" name="verifyChangeCurrencyToEuro" time="4.616"/>
</testsuite> <!-- tests.HomeTests -->
